Step 1/8 : FROM node:11.3.0-alpine
 ---> 1df31d366c81
Step 2/8 : RUN mkdir -p /usr/src/app
 ---> Using cache
 ---> 9f8651ba8154
Step 3/8 : WORKDIR /usr/src/app
 ---> Using cache
 ---> 45212a22f3cf
Step 4/8 : COPY package*.json /usr/src/app/
 ---> Using cache
 ---> 05c686c95480
Step 5/8 : COPY . /usr/src/app
 ---> Using cache
 ---> 468528627eb2
Step 6/8 : RUN npm install
 ---> Using cache
 ---> bd3dcb6e419b
Step 7/8 : EXPOSE 3000
 ---> Using cache
 ---> 88466fd3c777
Step 8/8 : CMD [ "npm", "start" ]
 ---> Using cache
 ---> b22831fc9eb5
Successfully built b22831fc9eb5
Successfully tagged app01_ms-security:latest
Step 1/8 : FROM node:11.3.0-alpine
 ---> 1df31d366c81
Step 2/8 : RUN mkdir -p /usr/src/app
 ---> Using cache
 ---> 9f8651ba8154
Step 3/8 : WORKDIR /usr/src/app
 ---> Using cache
 ---> 45212a22f3cf
Step 4/8 : COPY package*.json /usr/src/app/
 ---> Using cache
 ---> 05c686c95480
Step 5/8 : COPY . /usr/src/app
 ---> Using cache
 ---> 468528627eb2
Step 6/8 : RUN npm install
 ---> Using cache
 ---> bd3dcb6e419b
Step 7/8 : EXPOSE 3000
 ---> Using cache
 ---> 88466fd3c777
Step 8/8 : CMD [ "npm", "start" ]
 ---> Using cache
 ---> b22831fc9eb5
Successfully built b22831fc9eb5
Successfully tagged app01_ms-security:latest

: Rebuilding ms-security
Step 1/8 : FROM node:11.3.0-alpine
 ---> 1df31d366c81
Step 2/8 : RUN mkdir -p /usr/src/app
 ---> Using cache
 ---> 9f8651ba8154
Step 3/8 : WORKDIR /usr/src/app
 ---> Using cache
 ---> 45212a22f3cf
Step 4/8 : COPY package*.json /usr/src/app/
 ---> Using cache
 ---> 05c686c95480
Step 5/8 : COPY . /usr/src/app
 ---> Using cache
 ---> 468528627eb2
Step 6/8 : RUN npm install
 ---> Using cache
 ---> bd3dcb6e419b
Step 7/8 : EXPOSE 3000
 ---> Using cache
 ---> 88466fd3c777
Step 8/8 : CMD [ "npm", "start" ]
 ---> Using cache
 ---> b22831fc9eb5
Successfully built b22831fc9eb5
Successfully tagged app01_ms-security:latest

VHMP Software (C) 2018
: Rebuilding ms-security
Step 1/8 : FROM node:11.3.0-alpine
 ---> 1df31d366c81
Step 2/8 : RUN mkdir -p /usr/src/app
 ---> Using cache
 ---> 9f8651ba8154
Step 3/8 : WORKDIR /usr/src/app
 ---> Using cache
 ---> 45212a22f3cf
Step 4/8 : COPY package*.json /usr/src/app/
 ---> Using cache
 ---> 05c686c95480
Step 5/8 : COPY . /usr/src/app
 ---> Using cache
 ---> 468528627eb2
Step 6/8 : RUN npm install
 ---> Using cache
 ---> bd3dcb6e419b
Step 7/8 : EXPOSE 3000
 ---> Using cache
 ---> 88466fd3c777
Step 8/8 : CMD [ "npm", "start" ]
 ---> Using cache
 ---> b22831fc9eb5
Successfully built b22831fc9eb5
Successfully tagged app01_ms-security:latest

VHMP Software (C) 2018
2018-12-07.17:37:10: Rebuilding ms-security
Step 1/8 : FROM node:11.3.0-alpine
 ---> 1df31d366c81
Step 2/8 : RUN mkdir -p /usr/src/app
 ---> Using cache
 ---> 9f8651ba8154
Step 3/8 : WORKDIR /usr/src/app
 ---> Using cache
 ---> 45212a22f3cf
Step 4/8 : COPY package*.json /usr/src/app/
 ---> Using cache
 ---> 05c686c95480
Step 5/8 : COPY . /usr/src/app
 ---> Using cache
 ---> 468528627eb2
Step 6/8 : RUN npm install
 ---> Using cache
 ---> bd3dcb6e419b
Step 7/8 : EXPOSE 3000
 ---> Using cache
 ---> 88466fd3c777
Step 8/8 : CMD [ "npm", "start" ]
 ---> Using cache
 ---> b22831fc9eb5
Successfully built b22831fc9eb5
Successfully tagged app01_ms-security:latest

VHMP Software (C) 2018
2018-12-07.17:37:48: Rebuilding ms-security
Step 1/8 : FROM node:11.3.0-alpine
 ---> 1df31d366c81
Step 2/8 : RUN mkdir -p /usr/src/app
 ---> Using cache
 ---> 9f8651ba8154
Step 3/8 : WORKDIR /usr/src/app
 ---> Using cache
 ---> 45212a22f3cf
Step 4/8 : COPY package*.json /usr/src/app/
 ---> Using cache
 ---> 05c686c95480
Step 5/8 : COPY . /usr/src/app
 ---> 18311bd8c9aa
Step 6/8 : RUN npm install
 ---> Running in fc8f6b99db09
[91mnpm[0m[91m WARN[0m[91m ms-security@1.0.0 No description
[0m[91mnpm[0m[91m [0m[91mWARN[0m[91m ms-security@1.0.0 No repository field.
[0m[91m
[0maudited 2561 packages in 4.369s
found 0 vulnerabilities

Removing intermediate container fc8f6b99db09
 ---> 7e503f759283
Step 7/8 : EXPOSE 3000
 ---> Running in 6b79a9d37bd8
Removing intermediate container 6b79a9d37bd8
 ---> d7bd6453a9f6
Step 8/8 : CMD [ "npm", "start" ]
 ---> Running in 2e9150a759c9
Removing intermediate container 2e9150a759c9
 ---> 39f46cd746c1
Successfully built 39f46cd746c1
Successfully tagged app01_ms-security:latest

VHMP Software (C) 2018
12/07/2018_17:40:33: Rebuilding ms-security
Step 1/8 : FROM node:11.3.0-alpine
 ---> 1df31d366c81
Step 2/8 : RUN mkdir -p /usr/src/app
 ---> Using cache
 ---> 9f8651ba8154
Step 3/8 : WORKDIR /usr/src/app
 ---> Using cache
 ---> 45212a22f3cf
Step 4/8 : COPY package*.json /usr/src/app/
 ---> Using cache
 ---> 05c686c95480
Step 5/8 : COPY . /usr/src/app
 ---> Using cache
 ---> 18311bd8c9aa
Step 6/8 : RUN npm install
 ---> Using cache
 ---> 7e503f759283
Step 7/8 : EXPOSE 3000
 ---> Using cache
 ---> d7bd6453a9f6
Step 8/8 : CMD [ "npm", "start" ]
 ---> Using cache
 ---> 39f46cd746c1
Successfully built 39f46cd746c1
Successfully tagged app01_ms-security:latest

VHMP Software (C) 2018
20181207_174158: Rebuilding ms-security
Step 1/8 : FROM node:11.3.0-alpine
 ---> 1df31d366c81
Step 2/8 : RUN mkdir -p /usr/src/app
 ---> Using cache
 ---> 9f8651ba8154
Step 3/8 : WORKDIR /usr/src/app
 ---> Using cache
 ---> 45212a22f3cf
Step 4/8 : COPY package*.json /usr/src/app/
 ---> Using cache
 ---> 05c686c95480
Step 5/8 : COPY . /usr/src/app
 ---> Using cache
 ---> 18311bd8c9aa
Step 6/8 : RUN npm install
 ---> Using cache
 ---> 7e503f759283
Step 7/8 : EXPOSE 3000
 ---> Using cache
 ---> d7bd6453a9f6
Step 8/8 : CMD [ "npm", "start" ]
 ---> Using cache
 ---> 39f46cd746c1
Successfully built 39f46cd746c1
Successfully tagged app01_ms-security:latest
